2026-03-06 10:28:37 IST LOG:  database system was shut down at 2026-03-06 01:00:09 IST
2026-03-06 10:33:37 IST LOG:  checkpoint starting: time
2026-03-06 10:33:37 IST LOG:  checkpoint complete: wrote 0 buffers (0.0%), wrote 3 SLRU buffers; 0 WAL file(s) added, 0 removed, 0 recycled; write=0.005 s, sync=0.003 s, total=0.018 s; sync files=2, longest=0.002 s, average=0.002 s; distance=0 kB, estimate=0 kB; lsn=0/23A4F98, redo lsn=0/23A4F40
2026-03-06 11:12:15 IST LOG:  could not receive data from client: An existing connection was forcibly closed by the remote host.
	
2026-03-06 11:16:18 IST LOG:  checkpoint starting: time
2026-03-06 11:16:19 IST LOG:  checkpoint complete: wrote 3 buffers (0.0%), wrote 1 SLRU buffers; 0 WAL file(s) added, 0 removed, 0 recycled; write=0.323 s, sync=0.003 s, total=0.344 s; sync files=4, longest=0.002 s, average=0.001 s; distance=5 kB, estimate=5 kB; lsn=0/23A63A8, redo lsn=0/23A6350
2026-03-06 11:21:18 IST LOG:  checkpoint starting: time
2026-03-06 11:21:19 IST LOG:  checkpoint complete: wrote 10 buffers (0.1%), wrote 1 SLRU buffers; 0 WAL file(s) added, 0 removed, 0 recycled; write=1.094 s, sync=0.011 s, total=1.123 s; sync files=11, longest=0.009 s, average=0.001 s; distance=13 kB, estimate=13 kB; lsn=0/23A98A0, redo lsn=0/23A9848
2026-03-06 11:31:42 IST LOG:  could not receive data from client: An existing connection was forcibly closed by the remote host.
	
2026-03-06 11:31:42 IST LOG:  could not receive data from client: An existing connection was forcibly closed by the remote host.
	
2026-03-06 11:42:29 IST LOG:  could not receive data from client: An existing connection was forcibly closed by the remote host.
	
2026-03-06 11:42:29 IST LOG:  could not receive data from client: An existing connection was forcibly closed by the remote host.
	
2026-03-06 12:04:46 IST LOG:  checkpoint starting: time
2026-03-06 12:04:47 IST LOG:  checkpoint complete: wrote 3 buffers (0.0%), wrote 1 SLRU buffers; 0 WAL file(s) added, 0 removed, 0 recycled; write=0.333 s, sync=0.010 s, total=0.355 s; sync files=4, longest=0.009 s, average=0.003 s; distance=5 kB, estimate=12 kB; lsn=0/23AAF38, redo lsn=0/23AAEE0
2026-03-06 12:09:46 IST LOG:  checkpoint starting: time
2026-03-06 12:09:46 IST LOG:  checkpoint complete: wrote 4 buffers (0.0%), wrote 1 SLRU buffers; 0 WAL file(s) added, 0 removed, 0 recycled; write=0.440 s, sync=0.011 s, total=0.470 s; sync files=5, longest=0.009 s, average=0.003 s; distance=12 kB, estimate=12 kB; lsn=0/23AE108, redo lsn=0/23AE0B0
2026-03-06 12:14:46 IST LOG:  checkpoint starting: time
2026-03-06 12:14:47 IST LOG:  checkpoint complete: wrote 7 buffers (0.0%), wrote 1 SLRU buffers; 0 WAL file(s) added, 0 removed, 0 recycled; write=0.764 s, sync=0.014 s, total=0.796 s; sync files=8, longest=0.010 s, average=0.002 s; distance=7 kB, estimate=11 kB; lsn=0/23AFF58, redo lsn=0/23AFF00
2026-03-06 12:24:30 IST LOG:  could not receive data from client: An existing connection was forcibly closed by the remote host.
	
2026-03-06 12:24:30 IST LOG:  could not receive data from client: An existing connection was forcibly closed by the remote host.
	
2026-03-06 12:34:56 IST LOG:  could not receive data from client: An existing connection was forcibly closed by the remote host.
	
2026-03-06 12:35:01 IST LOG:  could not receive data from client: An existing connection was forcibly closed by the remote host.
	
2026-03-06 12:35:17 IST LOG:  could not receive data from client: An existing connection was forcibly closed by the remote host.
	
2026-03-06 12:35:17 IST LOG:  could not receive data from client: An existing connection was forcibly closed by the remote host.
	
2026-03-06 12:35:17 IST LOG:  could not receive data from client: An existing connection was forcibly closed by the remote host.
	
2026-03-06 12:35:17 IST LOG:  could not receive data from client: An existing connection was forcibly closed by the remote host.
	
2026-03-06 12:35:17 IST LOG:  could not receive data from client: An existing connection was forcibly closed by the remote host.
	
2026-03-06 12:36:13 IST LOG:  shutting down
2026-03-06 12:36:13 IST ERROR:  canceling statement due to user request
2026-03-06 12:36:13 IST LOG:  checkpoint starting: shutdown immediate
2026-03-06 12:36:13 IST LOG:  checkpoint complete: wrote 0 buffers (0.0%), wrote 0 SLRU buffers; 0 WAL file(s) added, 0 removed, 0 recycled; write=0.001 s, sync=0.001 s, total=0.060 s; sync files=0, longest=0.000 s, average=0.000 s; distance=0 kB, estimate=10 kB; lsn=0/23B0020, redo lsn=0/23B0020
