
Installation Directory: C:\Program Files\PostgreSQL\18
Server Installation Directory: C:\Program Files\PostgreSQL\18
Data Directory: C:\Program Files\PostgreSQL\18\data
Database Port: 5433
Database Superuser: postgres
Operating System Account: NT AUTHORITY\NetworkService
Database Service: postgresql-x64-18
Command Line Tools Installation Directory: C:\Program Files\PostgreSQL\18
pgAdmin4 Installation Directory: C:\Program Files\PostgreSQL\18\pgAdmin 4
Stack Builder Installation Directory: C:\Program Files\PostgreSQL\18\stackbuilder
Installation Log: C:\Users\pswag\AppData\Local\Temp\install-postgresql.log
===== Installation completed at: 2026-02-14(YYYY-MM-DD) - 22:53:15(HH:MM:SS) =====
                            
Installation Directory: C:\Program Files\PostgreSQL\18
Server Installation Directory: C:\Program Files\PostgreSQL\18
Data Directory: C:\Program Files\PostgreSQL\18\data
Database Port: 5433
Database Superuser: postgres
Operating System Account: NT AUTHORITY\NetworkService
Database Service: postgresql-x64-18
Command Line Tools Installation Directory: C:\Program Files\PostgreSQL\18
pgAdmin4 Installation Directory: C:\Program Files\PostgreSQL\18\pgAdmin 4
Stack Builder Installation Directory: C:\Program Files\PostgreSQL\18\stackbuilder
Installation Log: C:\Users\pswag\AppData\Local\Temp\install-postgresql.log
===== Installation completed at: 2026-02-14(YYYY-MM-DD) - 23:14:53(HH:MM:SS) =====
                            
Installation Directory: C:\Program Files\PostgreSQL\18
Server Installation Directory: C:\Program Files\PostgreSQL\18
Data Directory: C:\Program Files\PostgreSQL\18\data
Database Port: 5433
Database Superuser: postgres
Operating System Account: NT AUTHORITY\NetworkService
Database Service: postgresql-x64-18
Command Line Tools Installation Directory: C:\Program Files\PostgreSQL\18
pgAdmin4 Installation Directory: C:\Program Files\PostgreSQL\18\pgAdmin 4
Stack Builder Installation Directory: C:\Program Files\PostgreSQL\18\stackbuilder
Installation Log: C:\Users\pswag\AppData\Local\Temp\install-postgresql.log
===== Installation completed at: 2026-02-14(YYYY-MM-DD) - 23:25:29(HH:MM:SS) =====
                            